Using pre-set license
Built from '2022.3/release' branch; Version is '2022.3.12f1 (4fe6e059c7ef) revision 5236448'; Using compiler version '192829333'; Build Type 'Release'
OS: 'Windows 11  (10.0.22631) 64bit CoreSingleLanguage' Language: 'pt' Physical Memory: 16068 MB
BatchMode: 1, IsHumanControllingUs: 0, StartBugReporterOnCrash: 0, Is64bit: 1, IsPro: 1

COMMAND LINE ARGUMENTS:
C:\Program Files\Unity\Hub\Editor\2022.3.12f1\Editor\Unity.exe
-adb2
-batchMode
-noUpm
-name
AssetImportWorker0
-projectPath
D:/Unity/Udemy/UD_Unity5-C-/Arkanature
-logFile
Logs/AssetImportWorker0.log
-srvPort
53236
Successfully changed project path to: D:/Unity/Udemy/UD_Unity5-C-/Arkanature
D:/Unity/Udemy/UD_Unity5-C-/Arkanature
[UnityMemory] Configuration Parameters - Can be set up in boot.config
    "memorysetup-bucket-allocator-granularity=16"
    "memorysetup-bucket-allocator-bucket-count=8"
    "memorysetup-bucket-allocator-block-size=33554432"
    "memorysetup-bucket-allocator-block-count=8"
    "memorysetup-main-allocator-block-size=16777216"
    "memorysetup-thread-allocator-block-size=16777216"
    "memorysetup-gfx-main-allocator-block-size=16777216"
    "memorysetup-gfx-thread-allocator-block-size=16777216"
    "memorysetup-cache-allocator-block-size=4194304"
    "memorysetup-typetree-allocator-block-size=2097152"
    "memorysetup-profiler-bucket-allocator-granularity=16"
    "memorysetup-profiler-bucket-allocator-bucket-count=8"
    "memorysetup-profiler-bucket-allocator-block-size=33554432"
    "memorysetup-profiler-bucket-allocator-block-count=8"
    "memorysetup-profiler-allocator-block-size=16777216"
    "memorysetup-profiler-editor-allocator-block-size=1048576"
    "memorysetup-temp-allocator-size-main=16777216"
    "memorysetup-job-temp-allocator-block-size=2097152"
    "memorysetup-job-temp-allocator-block-size-background=1048576"
    "memorysetup-job-temp-allocator-reduction-small-platforms=262144"
    "memorysetup-allocator-temp-initial-block-size-main=262144"
    "memorysetup-allocator-temp-initial-block-size-worker=262144"
    "memorysetup-temp-allocator-size-background-worker=32768"
    "memorysetup-temp-allocator-size-job-worker=262144"
    "memorysetup-temp-allocator-size-preload-manager=33554432"
    "memorysetup-temp-allocator-size-nav-mesh-worker=65536"
    "memorysetup-temp-allocator-size-audio-worker=65536"
    "memorysetup-temp-allocator-size-cloud-worker=32768"
    "memorysetup-temp-allocator-size-gi-baking-worker=262144"
    "memorysetup-temp-allocator-size-gfx=262144"
Player connection [27356] Host "[IP] 192.168.15.6 [Port] 0 [Flags] 2 [Guid] 3440901195 [EditorId] 3440901195 [Version] 1048832 [Id] WindowsEditor(7,BaroniPC) [Debug] 1 [PackageName] WindowsEditor [ProjectName] Editor" joined multi-casting on [225.0.0.222:54997]...

Player connection [27356] Host "[IP] 192.168.15.6 [Port] 0 [Flags] 2 [Guid] 3440901195 [EditorId] 3440901195 [Version] 1048832 [Id] WindowsEditor(7,BaroniPC) [Debug] 1 [PackageName] WindowsEditor [ProjectName] Editor" joined alternative multi-casting on [225.0.0.222:34997]...

[Physics::Module] Initialized MultithreadedJobDispatcher with 15 workers.
Refreshing native plugins compatible for Editor in 27.60 ms, found 3 plugins.
Preloading 0 native plugins for Editor in 0.00 ms.
Initialize engine version: 2022.3.12f1 (4fe6e059c7ef)
[Subsystems] Discovering subsystems at path C:/Program Files/Unity/Hub/Editor/2022.3.12f1/Editor/Data/Resources/UnitySubsystems
[Subsystems] Discovering subsystems at path D:/Unity/Udemy/UD_Unity5-C-/Arkanature/Assets
GfxDevice: creating device client; threaded=0; jobified=0
Direct3D:
    Version:  Direct3D 11.0 [level 11.1]
    Renderer: NVIDIA GeForce RTX 3050 6GB Laptop GPU (ID=0x25ec)
    Vendor:   NVIDIA
    VRAM:     6002 MB
    Driver:   31.0.15.5152
Initialize mono
Mono path[0] = 'C:/Program Files/Unity/Hub/Editor/2022.3.12f1/Editor/Data/Managed'
Mono path[1] = 'C:/Program Files/Unity/Hub/Editor/2022.3.12f1/Editor/Data/MonoBleedingEdge/lib/mono/unityjit-win32'
Mono config path = 'C:/Program Files/Unity/Hub/Editor/2022.3.12f1/Editor/Data/MonoBleedingEdge/etc'
Using monoOptions --debugger-agent=transport=dt_socket,embedding=1,server=y,suspend=n,address=127.0.0.1:56696
Begin MonoManager ReloadAssembly
Registering precompiled unity dll's ...
Register platform support module: C:/Program Files/Unity/Hub/Editor/2022.3.12f1/Editor/Data/PlaybackEngines/WebGLSupport/UnityEditor.WebGL.Extensions.dll
Register platform support module: C:/Program Files/Unity/Hub/Editor/2022.3.12f1/Editor/Data/PlaybackEngines/AndroidPlayer/UnityEditor.Android.Extensions.dll
Register platform support module: C:/Program Files/Unity/Hub/Editor/2022.3.12f1/Editor/Data/PlaybackEngines/WindowsStandaloneSupport/UnityEditor.WindowsStandalone.Extensions.dll
Registered in 0.016972 seconds.
- Loaded All Assemblies, in  0.539 seconds
Native extension for WindowsStandalone target not found
Native extension for Android target not found
Android Extension - Scanning For ADB Devices 424 ms
Native extension for WebGL target not found
Mono: successfully reloaded assembly
- Finished resetting the current domain, in  0.862 seconds
Domain Reload Profiling: 1399ms
	BeginReloadAssembly (191ms)
		ExecutionOrderSort (0ms)
		DisableScriptedObjects (0ms)
		BackupInstance (0ms)
		ReleaseScriptingObjects (0ms)
		CreateAndSetChildDomain (1ms)
	RebuildCommonClasses (44ms)
	RebuildNativeTypeToScriptingClass (14ms)
	initialDomainReloadingComplete (85ms)
	LoadAllAssembliesAndSetupDomain (202ms)
		LoadAssemblies (189ms)
		RebuildTransferFunctionScriptingTraits (0ms)
		AnalyzeDomain (198ms)
			TypeCache.Refresh (197ms)
				TypeCache.ScanAssembly (179ms)
			ScanForSourceGeneratedMonoScriptInfo (1ms)
			ResolveRequiredComponents (1ms)
	FinalizeReload (863ms)
		ReleaseScriptCaches (0ms)
		RebuildScriptCaches (0ms)
		SetupLoadedEditorAssemblies (784ms)
			LogAssemblyErrors (0ms)
			InitializePlatformSupportModulesInManaged (585ms)
			SetLoadedEditorAssemblies (5ms)
			RefreshPlugins (0ms)
			BeforeProcessingInitializeOnLoad (3ms)
			ProcessInitializeOnLoadAttributes (128ms)
			ProcessInitializeOnLoadMethodAttributes (63ms)
			AfterProcessingInitializeOnLoad (0ms)
			EditorAssembliesLoaded (0ms)
		ExecutionOrderSort2 (0ms)
		AwakeInstancesAfterBackupRestoration (0ms)
========================================================================
Worker process is ready to serve import requests
Begin MonoManager ReloadAssembly
- Loaded All Assemblies, in  0.980 seconds
Refreshing native plugins compatible for Editor in 2.33 ms, found 3 plugins.
Native extension for WindowsStandalone target not found
Native extension for Android target not found
Native extension for WebGL target not found
Package Manager log level set to [2]
[Package Manager] Server::EnsureServerProcessIsRunning -- launch failed, reason: Unity was launched with the -noUpm command-line argument
[Package Manager] UpmClient::Send -- Unable to send message (not connected to UPM process).
[Package Manager] Cannot connect to Unity Package Manager local server
Mono: successfully reloaded assembly
- Finished resetting the current domain, in  0.833 seconds
Domain Reload Profiling: 1811ms
	BeginReloadAssembly (205ms)
		ExecutionOrderSort (0ms)
		DisableScriptedObjects (9ms)
		BackupInstance (0ms)
		ReleaseScriptingObjects (0ms)
		CreateAndSetChildDomain (28ms)
	RebuildCommonClasses (45ms)
	RebuildNativeTypeToScriptingClass (15ms)
	initialDomainReloadingComplete (58ms)
	LoadAllAssembliesAndSetupDomain (654ms)
		LoadAssemblies (493ms)
		RebuildTransferFunctionScriptingTraits (0ms)
		AnalyzeDomain (279ms)
			TypeCache.Refresh (246ms)
				TypeCache.ScanAssembly (225ms)
			ScanForSourceGeneratedMonoScriptInfo (22ms)
			ResolveRequiredComponents (9ms)
	FinalizeReload (834ms)
		ReleaseScriptCaches (0ms)
		RebuildScriptCaches (0ms)
		SetupLoadedEditorAssemblies (606ms)
			LogAssemblyErrors (0ms)
			InitializePlatformSupportModulesInManaged (39ms)
			SetLoadedEditorAssemblies (6ms)
			RefreshPlugins (0ms)
			BeforeProcessingInitializeOnLoad (83ms)
			ProcessInitializeOnLoadAttributes (438ms)
			ProcessInitializeOnLoadMethodAttributes (31ms)
			AfterProcessingInitializeOnLoad (9ms)
			EditorAssembliesLoaded (0ms)
		ExecutionOrderSort2 (0ms)
		AwakeInstancesAfterBackupRestoration (10ms)
Launched and connected shader compiler UnityShaderCompiler.exe after 0.08 seconds
Refreshing native plugins compatible for Editor in 2.20 ms, found 3 plugins.
Preloading 0 native plugins for Editor in 0.00 ms.
Unloading 3092 Unused Serialized files (Serialized files now loaded: 0)
Unloading 32 unused Assets / (57.6 KB). Loaded Objects now: 3556.
Memory consumption went from 126.4 MB to 126.4 MB.
Total: 3.956300 ms (FindLiveObjects: 0.231800 ms CreateObjectMapping: 0.093200 ms MarkObjects: 3.461200 ms  DeleteObjects: 0.167600 ms)

AssetImportParameters requested are different than current active one (requested -> active):
  custom:container-demuxer-ogg: 62fdf1f143b41e24485cea50d1cbac27 -> 
  custom:video-codec-MediaFoundation-h265: 746d11721c4dcdbdad8f713fa42b33f4 -> 
  custom:video-decoder-ogg-theora: a1e56fd34408186e4bbccfd4996cb3dc -> 
  custom:framework-win-MediaFoundation: 216162199b28c13a410421893ffa2e32 -> 
  custom:CustomObjectIndexerAttribute: 756ad292c208cfabdd7b50bc23989ffe -> 
  custom:container-demuxer-webm: 4f35f7cbe854078d1ac9338744f61a02 -> 
  custom:container-muxer-webm: aa71ff27fc2769a1b78a27578f13a17b -> 
  custom:video-decoder-webm-vp8: 9c59270c3fd7afecdb556c50c9e8de78 -> 
  custom:SearchIndexIgnoredProperties: e643bd26f0fe6173181afceb89e7c659 -> 
  custom:AudioImporter_EditorPlatform: d09bf68614088b80899f8185d706f6e7 -> 
  custom:video-encoder-webm-vp8: eb34c28f22e8b96e1ab97ce403110664 -> 
  custom:audio-decoder-ogg-vorbis: bf7c407c2cedff20999df2af8eb42d56 -> 
  custom:audio-encoder-webm-vorbis: bf7c407c2cedff20999df2af8eb42d56 -> 
========================================================================
Received Import Request.
  Time since last request: 63610.517283 seconds.
  path: Assets/Brackeys/2D Mega Pack/Items & Icons/Arcade/BlueButton.png
  artifactKey: Guid(f335c0c95fe37244eaa86486b45b5eca) Importer(815301076,1909f56bfc062723c751e8b465ee728b)
Start importing Assets/Brackeys/2D Mega Pack/Items & Icons/Arcade/BlueButton.png using Guid(f335c0c95fe37244eaa86486b45b5eca) Importer(815301076,1909f56bfc062723c751e8b465ee728b)  -> (artifact id: '975f45443c6f0a069c9bc47cc28e4ea8') in 0.113398 seconds
Number of updated asset objects reloaded before import = 0
Number of asset objects unloaded after import = 3
========================================================================
Received Import Request.
  Time since last request: 6.906775 seconds.
  path: Assets/Brackeys/2D Mega Pack/Items & Icons/Arcade/Bullet.png
  artifactKey: Guid(89676eea46ffbb2499fc4723811a023c) Importer(815301076,1909f56bfc062723c751e8b465ee728b)
Start importing Assets/Brackeys/2D Mega Pack/Items & Icons/Arcade/Bullet.png using Guid(89676eea46ffbb2499fc4723811a023c) Importer(815301076,1909f56bfc062723c751e8b465ee728b)  -> (artifact id: '43ebd99bfaf82b602419c20aa446cd0a') in 0.025538 seconds
Number of updated asset objects reloaded before import = 0
Number of asset objects unloaded after import = 3
========================================================================
Received Import Request.
  Time since last request: 2.230805 seconds.
  path: Assets/Brackeys/2D Mega Pack/Items & Icons/Arcade/Coin.png
  artifactKey: Guid(358b0cd10d6bd204aa3dc94c21b83046) Importer(815301076,1909f56bfc062723c751e8b465ee728b)
Start importing Assets/Brackeys/2D Mega Pack/Items & Icons/Arcade/Coin.png using Guid(358b0cd10d6bd204aa3dc94c21b83046) Importer(815301076,1909f56bfc062723c751e8b465ee728b)  -> (artifact id: '947c040399ced97070a7816d0d15c2bb') in 0.027547 seconds
Number of updated asset objects reloaded before import = 0
Number of asset objects unloaded after import = 3
========================================================================
Received Import Request.
  Time since last request: 7.025943 seconds.
  path: Assets/Brackeys/2D Mega Pack/Items & Icons/Gold Miner
  artifactKey: Guid(e54fc2d4cb5b4544c9785a63fee616df) Importer(815301076,1909f56bfc062723c751e8b465ee728b)
Start importing Assets/Brackeys/2D Mega Pack/Items & Icons/Gold Miner using Guid(e54fc2d4cb5b4544c9785a63fee616df) Importer(815301076,1909f56bfc062723c751e8b465ee728b)  -> (artifact id: '3b7e5449b1e7df005965adeecc62e52b') in 0.002054 seconds
Number of updated asset objects reloaded before import = 0
Number of asset objects unloaded after import = 0
========================================================================
Received Import Request.
  Time since last request: 1.058190 seconds.
  path: Assets/Brackeys/2D Mega Pack/Items & Icons/Gold Miner/Animation
  artifactKey: Guid(d8d76c3b76875df4d98fbf45de9cb882) Importer(815301076,1909f56bfc062723c751e8b465ee728b)
Start importing Assets/Brackeys/2D Mega Pack/Items & Icons/Gold Miner/Animation using Guid(d8d76c3b76875df4d98fbf45de9cb882) Importer(815301076,1909f56bfc062723c751e8b465ee728b)  -> (artifact id: '849275fdd9249825d6ff5574f649906c') in 0.000556 seconds
Number of updated asset objects reloaded before import = 0
Number of asset objects unloaded after import = 0
========================================================================
Received Import Request.
  Time since last request: 0.512281 seconds.
  path: Assets/Brackeys/2D Mega Pack/Items & Icons/Gold Miner/Gold01.png
  artifactKey: Guid(87850260d0f08224e887e1c55590c081) Importer(815301076,1909f56bfc062723c751e8b465ee728b)
Start importing Assets/Brackeys/2D Mega Pack/Items & Icons/Gold Miner/Gold01.png using Guid(87850260d0f08224e887e1c55590c081) Importer(815301076,1909f56bfc062723c751e8b465ee728b)  -> (artifact id: 'd1147862262da1c3c7434915908672ef') in 0.031181 seconds
Number of updated asset objects reloaded before import = 0
Number of asset objects unloaded after import = 3
========================================================================
Received Import Request.
  Time since last request: 0.784066 seconds.
  path: Assets/Brackeys/2D Mega Pack/Items & Icons/Gold Miner/Hook.png
  artifactKey: Guid(cce7f5ea931569049963cde10e4e5d77) Importer(815301076,1909f56bfc062723c751e8b465ee728b)
Start importing Assets/Brackeys/2D Mega Pack/Items & Icons/Gold Miner/Hook.png using Guid(cce7f5ea931569049963cde10e4e5d77) Importer(815301076,1909f56bfc062723c751e8b465ee728b)  -> (artifact id: '2b80e3acb24b390710b8735af62510aa') in 0.028822 seconds
Number of updated asset objects reloaded before import = 0
Number of asset objects unloaded after import = 3
========================================================================
Received Import Request.
  Time since last request: 13.757247 seconds.
  path: Assets/Brackeys/2D Mega Pack/Items & Icons/Arcade
  artifactKey: Guid(d4200808fad39d34f821a08863c3958e) Importer(815301076,1909f56bfc062723c751e8b465ee728b)
Start importing Assets/Brackeys/2D Mega Pack/Items & Icons/Arcade using Guid(d4200808fad39d34f821a08863c3958e) Importer(815301076,1909f56bfc062723c751e8b465ee728b)  -> (artifact id: '07a802700dfcf38b5b8e42140b3e01eb') in 0.001710 seconds
Number of updated asset objects reloaded before import = 0
Number of asset objects unloaded after import = 0
========================================================================
Received Import Request.
  Time since last request: 21.961054 seconds.
  path: Assets/Brackeys/2D Mega Pack/Platforms/Platform_Blue.png
  artifactKey: Guid(ab30a5ba8bf22d24686375e484b073e9) Importer(815301076,1909f56bfc062723c751e8b465ee728b)
Start importing Assets/Brackeys/2D Mega Pack/Platforms/Platform_Blue.png using Guid(ab30a5ba8bf22d24686375e484b073e9) Importer(815301076,1909f56bfc062723c751e8b465ee728b)  -> (artifact id: '753d168eeab5f17e4254f0d8a65c5efc') in 0.030740 seconds
Number of updated asset objects reloaded before import = 0
Number of asset objects unloaded after import = 3
========================================================================
Received Import Request.
  Time since last request: 2.008367 seconds.
  path: Assets/Brackeys/2D Mega Pack/Platforms/Platform_Blue_Wide.png
  artifactKey: Guid(c76f47f717e792941b9c97541a3a1ff4) Importer(815301076,1909f56bfc062723c751e8b465ee728b)
Start importing Assets/Brackeys/2D Mega Pack/Platforms/Platform_Blue_Wide.png using Guid(c76f47f717e792941b9c97541a3a1ff4) Importer(815301076,1909f56bfc062723c751e8b465ee728b)  -> (artifact id: 'e2b0dbeddb6c4de5fbbf8f86422944e8') in 0.028812 seconds
Number of updated asset objects reloaded before import = 0
Number of asset objects unloaded after import = 3
========================================================================
Received Import Request.
  Time since last request: 7.561820 seconds.
  path: Assets/Brackeys/2D Mega Pack/Platforms/Platform_Outline.png
  artifactKey: Guid(662d1569d83ae68469880e52c5214ece) Importer(815301076,1909f56bfc062723c751e8b465ee728b)
Start importing Assets/Brackeys/2D Mega Pack/Platforms/Platform_Outline.png using Guid(662d1569d83ae68469880e52c5214ece) Importer(815301076,1909f56bfc062723c751e8b465ee728b)  -> (artifact id: '0b8c1b5123482045384f41550b88d656') in 0.028608 seconds
Number of updated asset objects reloaded before import = 0
Number of asset objects unloaded after import = 3
========================================================================
Received Import Request.
  Time since last request: 2.207082 seconds.
  path: Assets/Brackeys/2D Mega Pack/Platforms/Platform_Pink.png
  artifactKey: Guid(4bdcafa0e50338d41ae14a25a337e16d) Importer(815301076,1909f56bfc062723c751e8b465ee728b)
Start importing Assets/Brackeys/2D Mega Pack/Platforms/Platform_Pink.png using Guid(4bdcafa0e50338d41ae14a25a337e16d) Importer(815301076,1909f56bfc062723c751e8b465ee728b)  -> (artifact id: '307d5822f4e9667d801e283fa2a22738') in 0.027366 seconds
Number of updated asset objects reloaded before import = 0
Number of asset objects unloaded after import = 3
========================================================================
Received Import Request.
  Time since last request: 2.484859 seconds.
  path: Assets/Brackeys/2D Mega Pack/Platforms/Platform_Vertical_Blue.png
  artifactKey: Guid(6d86e7e8a8b8f4a4ea3a10d9dee509b0) Importer(815301076,1909f56bfc062723c751e8b465ee728b)
Start importing Assets/Brackeys/2D Mega Pack/Platforms/Platform_Vertical_Blue.png using Guid(6d86e7e8a8b8f4a4ea3a10d9dee509b0) Importer(815301076,1909f56bfc062723c751e8b465ee728b)  -> (artifact id: '689a4dc03d9e8bd7d942e9d47ce7e987') in 0.027355 seconds
Number of updated asset objects reloaded before import = 0
Number of asset objects unloaded after import = 3
========================================================================
Received Import Request.
  Time since last request: 2.684083 seconds.
  path: Assets/Brackeys/2D Mega Pack/Platforms/Platform_Vertical_Pink.png
  artifactKey: Guid(1f6dbf787d3d8e84381791aa30d9c292) Importer(815301076,1909f56bfc062723c751e8b465ee728b)
Start importing Assets/Brackeys/2D Mega Pack/Platforms/Platform_Vertical_Pink.png using Guid(1f6dbf787d3d8e84381791aa30d9c292) Importer(815301076,1909f56bfc062723c751e8b465ee728b)  -> (artifact id: 'd26669fce04b62e2fa0b226ed7338412') in 0.026723 seconds
Number of updated asset objects reloaded before import = 0
Number of asset objects unloaded after import = 3
========================================================================
Received Import Request.
  Time since last request: 2.123074 seconds.
  path: Assets/Brackeys/2D Mega Pack/Platforms/Platform_Vertical_Uncolored.png
  artifactKey: Guid(0ddf619ff096ada469471c932a6d03d2) Importer(815301076,1909f56bfc062723c751e8b465ee728b)
Start importing Assets/Brackeys/2D Mega Pack/Platforms/Platform_Vertical_Uncolored.png using Guid(0ddf619ff096ada469471c932a6d03d2) Importer(815301076,1909f56bfc062723c751e8b465ee728b)  -> (artifact id: '85c4af04b0b430afe3c2447177c09684') in 0.027269 seconds
Number of updated asset objects reloaded before import = 0
Number of asset objects unloaded after import = 3
========================================================================
Received Import Request.
  Time since last request: 2.594301 seconds.
  path: Assets/Brackeys/2D Mega Pack/Platforms/Platform_Wood.png
  artifactKey: Guid(6a9b202e9a1f2064b8ddb485c19be1fd) Importer(815301076,1909f56bfc062723c751e8b465ee728b)
Start importing Assets/Brackeys/2D Mega Pack/Platforms/Platform_Wood.png using Guid(6a9b202e9a1f2064b8ddb485c19be1fd) Importer(815301076,1909f56bfc062723c751e8b465ee728b)  -> (artifact id: 'd74ba06de3a1d040f107ef3d693eacc9') in 0.029807 seconds
Number of updated asset objects reloaded before import = 0
Number of asset objects unloaded after import = 3
========================================================================
Received Import Request.
  Time since last request: 1.048002 seconds.
  path: Assets/Brackeys/2D Mega Pack/Platforms/Platform_Wood_Wide.png
  artifactKey: Guid(93aacd30e6870dc45a5dcafc2d1b3414) Importer(815301076,1909f56bfc062723c751e8b465ee728b)
Start importing Assets/Brackeys/2D Mega Pack/Platforms/Platform_Wood_Wide.png using Guid(93aacd30e6870dc45a5dcafc2d1b3414) Importer(815301076,1909f56bfc062723c751e8b465ee728b)  -> (artifact id: 'b8dbfb59d75c8d26082fd5ece36800e4') in 0.025774 seconds
Number of updated asset objects reloaded before import = 0
Number of asset objects unloaded after import = 3
========================================================================
Received Import Request.
  Time since last request: 18.078668 seconds.
  path: Assets/Brackeys/2D Mega Pack/Shapes
  artifactKey: Guid(5aa468bcd40eb9d4391c1e9f62114c5f) Importer(815301076,1909f56bfc062723c751e8b465ee728b)
Start importing Assets/Brackeys/2D Mega Pack/Shapes using Guid(5aa468bcd40eb9d4391c1e9f62114c5f) Importer(815301076,1909f56bfc062723c751e8b465ee728b)  -> (artifact id: 'b8b21689a2eed9fafce0d529eec6b89c') in 0.001018 seconds
Number of updated asset objects reloaded before import = 0
Number of asset objects unloaded after import = 0
========================================================================
Received Import Request.
  Time since last request: 2.654529 seconds.
  path: Assets/Brackeys/2D Mega Pack/Shapes/Circle.png
  artifactKey: Guid(8f66c60fb167a0f4299a9865ef4badc9) Importer(815301076,1909f56bfc062723c751e8b465ee728b)
Start importing Assets/Brackeys/2D Mega Pack/Shapes/Circle.png using Guid(8f66c60fb167a0f4299a9865ef4badc9) Importer(815301076,1909f56bfc062723c751e8b465ee728b)  -> (artifact id: '254ea23429b51a9f48cdb063c34702b8') in 0.027760 seconds
Number of updated asset objects reloaded before import = 0
Number of asset objects unloaded after import = 3
========================================================================
Received Import Request.
  Time since last request: 5.429592 seconds.
  path: Assets/Brackeys/2D Mega Pack/Weapons & Tools
  artifactKey: Guid(f9dbb76816c806545b90a9b41245c7cc) Importer(815301076,1909f56bfc062723c751e8b465ee728b)
Start importing Assets/Brackeys/2D Mega Pack/Weapons & Tools using Guid(f9dbb76816c806545b90a9b41245c7cc) Importer(815301076,1909f56bfc062723c751e8b465ee728b)  -> (artifact id: '016b8b11c9313ad100ed5d5655cfd4f9') in 0.001721 seconds
Number of updated asset objects reloaded before import = 0
Number of asset objects unloaded after import = 0
========================================================================
Received Import Request.
  Time since last request: 13.147153 seconds.
  path: Assets/Brackeys/2D Mega Pack/Platforms/Platform_Vertical_Wood.png
  artifactKey: Guid(7d84c9a0ef474dc42812bf290d722f7e) Importer(815301076,1909f56bfc062723c751e8b465ee728b)
Start importing Assets/Brackeys/2D Mega Pack/Platforms/Platform_Vertical_Wood.png using Guid(7d84c9a0ef474dc42812bf290d722f7e) Importer(815301076,1909f56bfc062723c751e8b465ee728b)  -> (artifact id: '63ecc45d5da5c4069db800cd9d5486b8') in 0.028331 seconds
Number of updated asset objects reloaded before import = 0
Number of asset objects unloaded after import = 3
========================================================================
Received Import Request.
  Time since last request: 16.638536 seconds.
  path: Assets/Brackeys/2D Mega Pack/Platforms
  artifactKey: Guid(77da0f55382552747959f630e2c5f983) Importer(815301076,1909f56bfc062723c751e8b465ee728b)
Start importing Assets/Brackeys/2D Mega Pack/Platforms using Guid(77da0f55382552747959f630e2c5f983) Importer(815301076,1909f56bfc062723c751e8b465ee728b)  -> (artifact id: 'd2749823110f87f2e0379a103254de8e') in 0.000871 seconds
Number of updated asset objects reloaded before import = 0
Number of asset objects unloaded after import = 0
========================================================================
Received Import Request.
  Time since last request: 9.407414 seconds.
  path: Assets/Sprites/Platforms
  artifactKey: Guid(02a310d4ab41bbd479f450d8d881ab64) Importer(815301076,1909f56bfc062723c751e8b465ee728b)
Start importing Assets/Sprites/Platforms using Guid(02a310d4ab41bbd479f450d8d881ab64) Importer(815301076,1909f56bfc062723c751e8b465ee728b)  -> (artifact id: '83bb809fe42dd6e4e8fa793e4db45232') in 0.000538 seconds
Number of updated asset objects reloaded before import = 0
Number of asset objects unloaded after import = 0
========================================================================
Received Import Request.
  Time since last request: 17.705169 seconds.
  path: Assets/Brackeys/2D Mega Pack/Items & Icons/Gothic/SoulFragment.png
  artifactKey: Guid(ec6b13a5ffa52bc45b7eeb8e5f69c6a9) Importer(815301076,1909f56bfc062723c751e8b465ee728b)
Start importing Assets/Brackeys/2D Mega Pack/Items & Icons/Gothic/SoulFragment.png using Guid(ec6b13a5ffa52bc45b7eeb8e5f69c6a9) Importer(815301076,1909f56bfc062723c751e8b465ee728b)  -> (artifact id: '8f96b7af80eefcee0ba8130ae8bf3c8c') in 0.027248 seconds
Number of updated asset objects reloaded before import = 0
Number of asset objects unloaded after import = 3
========================================================================
Received Import Request.
  Time since last request: 6.554288 seconds.
  path: Assets/Sprites/SoulFragment.png
  artifactKey: Guid(fcedc46d03c721f40b25de0c71704c6b) Importer(815301076,1909f56bfc062723c751e8b465ee728b)
Start importing Assets/Sprites/SoulFragment.png using Guid(fcedc46d03c721f40b25de0c71704c6b) Importer(815301076,1909f56bfc062723c751e8b465ee728b)  -> (artifact id: '0f7ff915a4f0b0a156849bc2d940224c') in 0.017721 seconds
Number of updated asset objects reloaded before import = 0
Number of asset objects unloaded after import = 3
========================================================================
Received Import Request.
  Time since last request: 34.801774 seconds.
  path: Assets/Sprites/Platforms/Platform_Blue_Wide.png
  artifactKey: Guid(eb384306966ae6d48b2ad306fd484043) Importer(815301076,1909f56bfc062723c751e8b465ee728b)
Start importing Assets/Sprites/Platforms/Platform_Blue_Wide.png using Guid(eb384306966ae6d48b2ad306fd484043) Importer(815301076,1909f56bfc062723c751e8b465ee728b)  -> (artifact id: 'e9bfe6d11554a6035719090bff628889') in 0.027345 seconds
Number of updated asset objects reloaded before import = 0
Number of asset objects unloaded after import = 3
========================================================================
Received Import Request.
  Time since last request: 16.558664 seconds.
  path: Assets/Sprites/Platforms/Platform_Pink.png
  artifactKey: Guid(1e1f40d46ec83a942a5dcdc2c0c32813) Importer(815301076,1909f56bfc062723c751e8b465ee728b)
Start importing Assets/Sprites/Platforms/Platform_Pink.png using Guid(1e1f40d46ec83a942a5dcdc2c0c32813) Importer(815301076,1909f56bfc062723c751e8b465ee728b)  -> (artifact id: '163d8eb72c424ee4e46c21252a7232d9') in 0.018279 seconds
Number of updated asset objects reloaded before import = 0
Number of asset objects unloaded after import = 3
========================================================================
Received Import Request.
  Time since last request: 245.091781 seconds.
  path: Assets/Sprites/Platforms/Platform_Outline.png
  artifactKey: Guid(4423523fa682f8b4db7d416b4926d72c) Importer(815301076,1909f56bfc062723c751e8b465ee728b)
Start importing Assets/Sprites/Platforms/Platform_Outline.png using Guid(4423523fa682f8b4db7d416b4926d72c) Importer(815301076,1909f56bfc062723c751e8b465ee728b)  -> (artifact id: '0d36eaae7026c915a6c39eac79512e0c') in 0.019176 seconds
Number of updated asset objects reloaded before import = 0
Number of asset objects unloaded after import = 3
========================================================================
Received Import Request.
  Time since last request: 4.059667 seconds.
  path: Assets/Sprites/Platforms/Platform_Blue.png
  artifactKey: Guid(3a8826a42c612a24490b81bf48bcbb40) Importer(815301076,1909f56bfc062723c751e8b465ee728b)
Start importing Assets/Sprites/Platforms/Platform_Blue.png using Guid(3a8826a42c612a24490b81bf48bcbb40) Importer(815301076,1909f56bfc062723c751e8b465ee728b)  -> (artifact id: '50241b791b34ae833724c49408b66857') in 0.020894 seconds
Number of updated asset objects reloaded before import = 0
Number of asset objects unloaded after import = 3
========================================================================
Received Import Request.
  Time since last request: 23.124371 seconds.
  path: Assets/Prefab
  artifactKey: Guid(c01c780bfd99ad049aabcf138d235d14) Importer(815301076,1909f56bfc062723c751e8b465ee728b)
Start importing Assets/Prefab using Guid(c01c780bfd99ad049aabcf138d235d14) Importer(815301076,1909f56bfc062723c751e8b465ee728b)  -> (artifact id: '30df85d09d67476dffc7e6cddbf97d0a') in 0.000642 seconds
Number of updated asset objects reloaded before import = 0
Number of asset objects unloaded after import = 0
========================================================================
Received Import Request.
  Time since last request: 903.457408 seconds.
  path: Assets/Sprites/bloco 2.png
  artifactKey: Guid(525fe4e8c6a8f9f44b7da8b2ab5dbbc5) Importer(815301076,1909f56bfc062723c751e8b465ee728b)
Start importing Assets/Sprites/bloco 2.png using Guid(525fe4e8c6a8f9f44b7da8b2ab5dbbc5) Importer(815301076,1909f56bfc062723c751e8b465ee728b)  -> (artifact id: '8da587a13249a46ab3ac465a7dcb8239') in 0.031239 seconds
Number of updated asset objects reloaded before import = 0
Number of asset objects unloaded after import = 2
========================================================================
Received Import Request.
  Time since last request: 1.033663 seconds.
  path: Assets/Sprites/bloco 1.png
  artifactKey: Guid(fc2ff207b69c300418a88efe036f70d4) Importer(815301076,1909f56bfc062723c751e8b465ee728b)
Start importing Assets/Sprites/bloco 1.png using Guid(fc2ff207b69c300418a88efe036f70d4) Importer(815301076,1909f56bfc062723c751e8b465ee728b)  -> (artifact id: '1b98435e527bf66228aebc239dcb656d') in 0.022672 seconds
Number of updated asset objects reloaded before import = 0
Number of asset objects unloaded after import = 2
========================================================================
Received Import Request.
  Time since last request: 1.495370 seconds.
  path: Assets/Sprites/bloco 4.png
  artifactKey: Guid(0cce49247ceb0c1439488ed96a162dbc) Importer(815301076,1909f56bfc062723c751e8b465ee728b)
Start importing Assets/Sprites/bloco 4.png using Guid(0cce49247ceb0c1439488ed96a162dbc) Importer(815301076,1909f56bfc062723c751e8b465ee728b)  -> (artifact id: '979b73e5b33f9eec6e6b4e74468631cd') in 0.023890 seconds
Number of updated asset objects reloaded before import = 0
Number of asset objects unloaded after import = 2
========================================================================
Received Import Request.
  Time since last request: 11.070691 seconds.
  path: Assets/Sprites/bola.aseprite
  artifactKey: Guid(877434832c010ef4eb08efa698fe8008) Importer(815301076,1909f56bfc062723c751e8b465ee728b)
Start importing Assets/Sprites/bola.aseprite using Guid(877434832c010ef4eb08efa698fe8008) Importer(815301076,1909f56bfc062723c751e8b465ee728b)  -> (artifact id: '72eea630d7d1a7384d63770176698938') in 0.001438 seconds
Number of updated asset objects reloaded before import = 0
Number of asset objects unloaded after import = 1
========================================================================
Received Import Request.
  Time since last request: 4.185102 seconds.
  path: Assets/Sprites/bola.png
  artifactKey: Guid(ee48f251cf61a504fa910f6e1c37dcaa) Importer(815301076,1909f56bfc062723c751e8b465ee728b)
Start importing Assets/Sprites/bola.png using Guid(ee48f251cf61a504fa910f6e1c37dcaa) Importer(815301076,1909f56bfc062723c751e8b465ee728b)  -> (artifact id: 'c1a0fb781495b38eb334b1e628739e0d') in 0.022682 seconds
Number of updated asset objects reloaded before import = 0
Number of asset objects unloaded after import = 2
========================================================================
Received Import Request.
  Time since last request: 45.585521 seconds.
  path: Assets/Sprites/bloco 4.png
  artifactKey: Guid(0cce49247ceb0c1439488ed96a162dbc) Importer(815301076,1909f56bfc062723c751e8b465ee728b)
Start importing Assets/Sprites/bloco 4.png using Guid(0cce49247ceb0c1439488ed96a162dbc) Importer(815301076,1909f56bfc062723c751e8b465ee728b)  -> (artifact id: 'b4af8a71abe7c21dfd863778e659b067') in 0.029990 seconds
Number of updated asset objects reloaded before import = 0
Number of asset objects unloaded after import = 3
========================================================================
Received Import Request.
  Time since last request: 48.404897 seconds.
  path: Assets/Sprites/bloco 4.png
  artifactKey: Guid(0cce49247ceb0c1439488ed96a162dbc) Importer(815301076,1909f56bfc062723c751e8b465ee728b)
Start importing Assets/Sprites/bloco 4.png using Guid(0cce49247ceb0c1439488ed96a162dbc) Importer(815301076,1909f56bfc062723c751e8b465ee728b)  -> (artifact id: '595ebda67833048fdc91da7864fff1d0') in 0.028122 seconds
Number of updated asset objects reloaded before import = 0
Number of asset objects unloaded after import = 3
========================================================================
Received Import Request.
  Time since last request: 29.957692 seconds.
  path: Assets/Sprites/bola.png
  artifactKey: Guid(ee48f251cf61a504fa910f6e1c37dcaa) Importer(815301076,1909f56bfc062723c751e8b465ee728b)
Start importing Assets/Sprites/bola.png using Guid(ee48f251cf61a504fa910f6e1c37dcaa) Importer(815301076,1909f56bfc062723c751e8b465ee728b)  -> (artifact id: '3b038eb106473c4937ce5a89e0ca3438') in 0.027645 seconds
Number of updated asset objects reloaded before import = 0
Number of asset objects unloaded after import = 3
========================================================================
Received Import Request.
  Time since last request: 31.571987 seconds.
  path: Assets/Sprites/bloco 1.png
  artifactKey: Guid(fc2ff207b69c300418a88efe036f70d4) Importer(815301076,1909f56bfc062723c751e8b465ee728b)
Start importing Assets/Sprites/bloco 1.png using Guid(fc2ff207b69c300418a88efe036f70d4) Importer(815301076,1909f56bfc062723c751e8b465ee728b)  -> (artifact id: '6ba85e2c86819d0f3d4ad5338f5c9560') in 0.039892 seconds
Number of updated asset objects reloaded before import = 0
Number of asset objects unloaded after import = 3
========================================================================
Received Import Request.
  Time since last request: 41.020053 seconds.
  path: Assets/Sprites/bloco 2.png
  artifactKey: Guid(525fe4e8c6a8f9f44b7da8b2ab5dbbc5) Importer(815301076,1909f56bfc062723c751e8b465ee728b)
Start importing Assets/Sprites/bloco 2.png using Guid(525fe4e8c6a8f9f44b7da8b2ab5dbbc5) Importer(815301076,1909f56bfc062723c751e8b465ee728b)  -> (artifact id: '238f4d6da10b62df9cb2e25fb2709012') in 0.030307 seconds
Number of updated asset objects reloaded before import = 0
Number of asset objects unloaded after import = 3
========================================================================
Received Import Request.
  Time since last request: 550.705508 seconds.
  path: Assets/Prefab/bola.prefab
  artifactKey: Guid(6923b46f95ba87441b110ac420daffc3) Importer(815301076,1909f56bfc062723c751e8b465ee728b)
Start importing Assets/Prefab/bola.prefab using Guid(6923b46f95ba87441b110ac420daffc3) Importer(815301076,1909f56bfc062723c751e8b465ee728b)  -> (artifact id: '93efca54dd0f66487aaf8de46f77b602') in 0.091896 seconds
Number of updated asset objects reloaded before import = 0
Number of asset objects unloaded after import = 8
========================================================================
Received Import Request.
  Time since last request: 2.012753 seconds.
  path: Assets/Prefab/bloco 1.prefab
  artifactKey: Guid(37a918f361faa2049b91e9231beb63d7) Importer(815301076,1909f56bfc062723c751e8b465ee728b)
Start importing Assets/Prefab/bloco 1.prefab using Guid(37a918f361faa2049b91e9231beb63d7) Importer(815301076,1909f56bfc062723c751e8b465ee728b)  -> (artifact id: '53c7a2e1832587451ffb14145853df3a') in 0.020328 seconds
Number of updated asset objects reloaded before import = 0
Number of asset objects unloaded after import = 8
========================================================================
Received Import Request.
  Time since last request: 0.955080 seconds.
  path: Assets/Prefab/bloco 2.prefab
  artifactKey: Guid(ad1b9c2002b6d7d45bed4f2d33628086) Importer(815301076,1909f56bfc062723c751e8b465ee728b)
Start importing Assets/Prefab/bloco 2.prefab using Guid(ad1b9c2002b6d7d45bed4f2d33628086) Importer(815301076,1909f56bfc062723c751e8b465ee728b)  -> (artifact id: '08369779b4357edcee9474f7fc158739') in 0.020191 seconds
Number of updated asset objects reloaded before import = 0
Number of asset objects unloaded after import = 8
========================================================================
Received Import Request.
  Time since last request: 10.009503 seconds.
  path: Assets/Prefab/bloco 3.prefab
  artifactKey: Guid(006bdfbaf8cb4444c905577ecefc4119) Importer(815301076,1909f56bfc062723c751e8b465ee728b)
Start importing Assets/Prefab/bloco 3.prefab using Guid(006bdfbaf8cb4444c905577ecefc4119) Importer(815301076,1909f56bfc062723c751e8b465ee728b)  -> (artifact id: '0820cf43522b0c5fc2a46135e090879b') in 0.019998 seconds
Number of updated asset objects reloaded before import = 0
Number of asset objects unloaded after import = 8
========================================================================
Received Import Request.
  Time since last request: 0.891112 seconds.
  path: Assets/Prefab/bloco 4.prefab
  artifactKey: Guid(d6b581143a92f4a46bf112deb3ad6f12) Importer(815301076,1909f56bfc062723c751e8b465ee728b)
Start importing Assets/Prefab/bloco 4.prefab using Guid(d6b581143a92f4a46bf112deb3ad6f12) Importer(815301076,1909f56bfc062723c751e8b465ee728b)  -> (artifact id: '8473b64a2fa68d8dc05c17981330abd6') in 0.020122 seconds
Number of updated asset objects reloaded before import = 0
Number of asset objects unloaded after import = 8
========================================================================
Received Import Request.
  Time since last request: 68.712532 seconds.
  path: Assets/Sprites/plataforma.png
  artifactKey: Guid(5c0685a0bad30f64ab5e48d96116ef0d) Importer(815301076,1909f56bfc062723c751e8b465ee728b)
Start importing Assets/Sprites/plataforma.png using Guid(5c0685a0bad30f64ab5e48d96116ef0d) Importer(815301076,1909f56bfc062723c751e8b465ee728b)  -> (artifact id: 'e648378b500e8e94a849ec546d8f6ca4') in 0.026706 seconds
Number of updated asset objects reloaded before import = 0
Number of asset objects unloaded after import = 2
========================================================================
Received Import Request.
  Time since last request: 20.313392 seconds.
  path: Assets/Sprites/plataforma.png
  artifactKey: Guid(5c0685a0bad30f64ab5e48d96116ef0d) Importer(815301076,1909f56bfc062723c751e8b465ee728b)
Start importing Assets/Sprites/plataforma.png using Guid(5c0685a0bad30f64ab5e48d96116ef0d) Importer(815301076,1909f56bfc062723c751e8b465ee728b)  -> (artifact id: '505a54c0dc376436adbcb7bbfe284217') in 0.029428 seconds
Number of updated asset objects reloaded before import = 0
Number of asset objects unloaded after import = 3
========================================================================
Received Import Request.
  Time since last request: 200.253052 seconds.
  path: Assets/Scripts
  artifactKey: Guid(36b96b2fe5913e442b872bac3dbe16d6) Importer(815301076,1909f56bfc062723c751e8b465ee728b)
Start importing Assets/Scripts using Guid(36b96b2fe5913e442b872bac3dbe16d6) Importer(815301076,1909f56bfc062723c751e8b465ee728b)  -> (artifact id: 'cf3f0452eaf66760d178e3e6e7d08214') in 0.000964 seconds
Number of updated asset objects reloaded before import = 0
Number of asset objects unloaded after import = 0
========================================================================
Received Import Request.
  Time since last request: 10.685899 seconds.
  path: Assets/Scripts/Plataforma.cs
  artifactKey: Guid(fffdc756277cf78448f3a6522915e488) Importer(815301076,1909f56bfc062723c751e8b465ee728b)
Start importing Assets/Scripts/Plataforma.cs using Guid(fffdc756277cf78448f3a6522915e488) Importer(815301076,1909f56bfc062723c751e8b465ee728b)  -> (artifact id: '1c71a4653e9ca2bf3dc93e5393153ecc') in 0.000886 seconds
Number of updated asset objects reloaded before import = 0
Number of asset objects unloaded after import = 0
========================================================================
Received Prepare
Begin MonoManager ReloadAssembly
- Loaded All Assemblies, in  1.008 seconds
Refreshing native plugins compatible for Editor in 2.46 ms, found 3 plugins.
Native extension for WindowsStandalone target not found
Native extension for Android target not found
Native extension for WebGL target not found
[Package Manager] Server::EnsureServerProcessIsRunning -- launch failed, reason: Unity was launched with the -noUpm command-line argument
[Package Manager] UpmClient::Send -- Unable to send message (not connected to UPM process).
[Package Manager] Cannot connect to Unity Package Manager local server
Mono: successfully reloaded assembly
- Finished resetting the current domain, in  1.472 seconds
Domain Reload Profiling: 2478ms
	BeginReloadAssembly (399ms)
		ExecutionOrderSort (0ms)
		DisableScriptedObjects (22ms)
		BackupInstance (0ms)
		ReleaseScriptingObjects (1ms)
		CreateAndSetChildDomain (137ms)
	RebuildCommonClasses (43ms)
	RebuildNativeTypeToScriptingClass (14ms)
	initialDomainReloadingComplete (41ms)
	LoadAllAssembliesAndSetupDomain (509ms)
		LoadAssemblies (622ms)
		RebuildTransferFunctionScriptingTraits (0ms)
		AnalyzeDomain (38ms)
			TypeCache.Refresh (19ms)
				TypeCache.ScanAssembly (0ms)
			ScanForSourceGeneratedMonoScriptInfo (11ms)
			ResolveRequiredComponents (6ms)
	FinalizeReload (1473ms)
		ReleaseScriptCaches (0ms)
		RebuildScriptCaches (0ms)
		SetupLoadedEditorAssemblies (512ms)
			LogAssemblyErrors (0ms)
			InitializePlatformSupportModulesInManaged (38ms)
			SetLoadedEditorAssemblies (7ms)
			RefreshPlugins (0ms)
			BeforeProcessingInitializeOnLoad (80ms)
			ProcessInitializeOnLoadAttributes (347ms)
			ProcessInitializeOnLoadMethodAttributes (30ms)
			AfterProcessingInitializeOnLoad (9ms)
			EditorAssembliesLoaded (1ms)
		ExecutionOrderSort2 (0ms)
		AwakeInstancesAfterBackupRestoration (9ms)
Refreshing native plugins compatible for Editor in 2.63 ms, found 3 plugins.
Preloading 0 native plugins for Editor in 0.00 ms.
Unloading 3084 Unused Serialized files (Serialized files now loaded: 0)
Unloading 23 unused Assets / (31.1 KB). Loaded Objects now: 3590.
Memory consumption went from 126.6 MB to 126.6 MB.
Total: 4.785100 ms (FindLiveObjects: 0.241100 ms CreateObjectMapping: 0.153400 ms MarkObjects: 4.321500 ms  DeleteObjects: 0.066800 ms)

Prepare: number of updated asset objects reloaded= 0
AssetImportParameters requested are different than current active one (requested -> active):
  custom:container-demuxer-ogg: 62fdf1f143b41e24485cea50d1cbac27 -> 
  custom:video-codec-MediaFoundation-h265: 746d11721c4dcdbdad8f713fa42b33f4 -> 
  custom:video-decoder-ogg-theora: a1e56fd34408186e4bbccfd4996cb3dc -> 
  custom:framework-win-MediaFoundation: 216162199b28c13a410421893ffa2e32 -> 
  custom:CustomObjectIndexerAttribute: 756ad292c208cfabdd7b50bc23989ffe -> 
  custom:container-demuxer-webm: 4f35f7cbe854078d1ac9338744f61a02 -> 
  custom:container-muxer-webm: aa71ff27fc2769a1b78a27578f13a17b -> 
  custom:video-decoder-webm-vp8: 9c59270c3fd7afecdb556c50c9e8de78 -> 
  custom:SearchIndexIgnoredProperties: e643bd26f0fe6173181afceb89e7c659 -> 
  custom:AudioImporter_EditorPlatform: d09bf68614088b80899f8185d706f6e7 -> 
  custom:video-encoder-webm-vp8: eb34c28f22e8b96e1ab97ce403110664 -> 
  custom:audio-decoder-ogg-vorbis: bf7c407c2cedff20999df2af8eb42d56 -> 
  custom:audio-encoder-webm-vorbis: bf7c407c2cedff20999df2af8eb42d56 -> 
========================================================================
Received Import Request.
  Time since last request: 29.471592 seconds.
  path: Assets/Prefab/bloco 1.prefab
  artifactKey: Guid(37a918f361faa2049b91e9231beb63d7) Importer(2089858483,0ecaa5967403d082aa24f35e1b516d23)
Start importing Assets/Prefab/bloco 1.prefab using Guid(37a918f361faa2049b91e9231beb63d7) Importer(2089858483,0ecaa5967403d082aa24f35e1b516d23) Generated GUIDs only implemented for interfaces!
 -> (artifact id: '17e736d10e80bcbd56f9455a18d848f2') in 0.194008 seconds
Number of updated asset objects reloaded before import = 0
Number of asset objects unloaded after import = 8
========================================================================
Received Import Request.
  Time since last request: 0.000028 seconds.
  path: Assets/Sprites/bloco 4.png
  artifactKey: Guid(0cce49247ceb0c1439488ed96a162dbc) Importer(2089858483,0ecaa5967403d082aa24f35e1b516d23)
Start importing Assets/Sprites/bloco 4.png using Guid(0cce49247ceb0c1439488ed96a162dbc) Importer(2089858483,0ecaa5967403d082aa24f35e1b516d23) Generated GUIDs only implemented for interfaces!
 -> (artifact id: 'e2a81dcaae99e06b50407b09cfcc0127') in 0.085910 seconds
Number of updated asset objects reloaded before import = 0
Number of asset objects unloaded after import = 3
========================================================================
Received Import Request.
  Time since last request: 0.000162 seconds.
  path: Assets/Prefab/bola.prefab
  artifactKey: Guid(6923b46f95ba87441b110ac420daffc3) Importer(2089858483,0ecaa5967403d082aa24f35e1b516d23)
Start importing Assets/Prefab/bola.prefab using Guid(6923b46f95ba87441b110ac420daffc3) Importer(2089858483,0ecaa5967403d082aa24f35e1b516d23) Generated GUIDs only implemented for interfaces!
 -> (artifact id: '02c3f9ccd746f4252bf55c52be66ee64') in 0.022905 seconds
Number of updated asset objects reloaded before import = 0
Number of asset objects unloaded after import = 8
========================================================================
Received Import Request.
  Time since last request: 0.000025 seconds.
  path: Assets/Sprites/bloco 1.png
  artifactKey: Guid(fc2ff207b69c300418a88efe036f70d4) Importer(2089858483,0ecaa5967403d082aa24f35e1b516d23)
Start importing Assets/Sprites/bloco 1.png using Guid(fc2ff207b69c300418a88efe036f70d4) Importer(2089858483,0ecaa5967403d082aa24f35e1b516d23) Generated GUIDs only implemented for interfaces!
 -> (artifact id: 'f29c51539a34255738b962f0610947e6') in 0.040393 seconds
Number of updated asset objects reloaded before import = 0
Number of asset objects unloaded after import = 3
========================================================================
Received Import Request.
  Time since last request: 0.000161 seconds.
  path: Assets/Scripts/Plataforma.cs
  artifactKey: Guid(fffdc756277cf78448f3a6522915e488) Importer(2089858483,0ecaa5967403d082aa24f35e1b516d23)
Start importing Assets/Scripts/Plataforma.cs using Guid(fffdc756277cf78448f3a6522915e488) Importer(2089858483,0ecaa5967403d082aa24f35e1b516d23) Generated GUIDs only implemented for interfaces!
 -> (artifact id: '06892c9bf165ac6f56d206a2694fbc00') in 0.018111 seconds
Number of updated asset objects reloaded before import = 0
Number of asset objects unloaded after import = 1
========================================================================
Received Import Request.
  Time since last request: 0.000079 seconds.
  path: Assets/Sprites/bloco 2.png
  artifactKey: Guid(525fe4e8c6a8f9f44b7da8b2ab5dbbc5) Importer(2089858483,0ecaa5967403d082aa24f35e1b516d23)
Start importing Assets/Sprites/bloco 2.png using Guid(525fe4e8c6a8f9f44b7da8b2ab5dbbc5) Importer(2089858483,0ecaa5967403d082aa24f35e1b516d23) Generated GUIDs only implemented for interfaces!
 -> (artifact id: 'eb1313b704a7116c6b2dbab02c91d615') in 0.043574 seconds
Number of updated asset objects reloaded before import = 0
Number of asset objects unloaded after import = 3
Editor requested this worker to shutdown with reason: Scaling down because of idle timeout
TcpMessagingSession - receive error: operation aborted. errorcode: 995, details: A operação de E/S foi anulada devido a uma saída de thread ou a uma requisição de aplicativo.
AssetImportWorker is now disconnected from the server
Process exiting
Exiting without the bug reporter. Application will terminate with return code 0